2026-04-14 10:05:01,460 - escmd_dangling - INFO - [escmd.py:533] - Starting escmd command: dangling
2026-04-14 10:05:01,513 - escmd_dangling - INFO - [command_handler.py:317] - Executing command: dangling
2026-04-14 10:05:01,513 - escmd_dangling - INFO - [dangling_handler.py:41] - Starting dangling indices operation
2026-04-14 10:05:01,513 - escmd_dangling - INFO - [dangling_handler.py:42] - Command arguments: cleanup_all=False, group=None, env=None, metrics=False
2026-04-14 10:05:01,513 - escmd_dangling - INFO - [dangling_handler.py:137] - Starting dangling indices listing operation
2026-04-14 10:05:01,513 - escmd_dangling - INFO - [dangling_handler.py:142] - Retrieving dangling indices from cluster
2026-04-14 10:05:01,522 - escmd_dangling - INFO - [dangling_handler.py:161] - Found 0 dangling indices
2026-04-14 10:05:01,548 - escmd_dangling - INFO - [dangling_handler.py:171] - Cluster: elasticsearch, Nodes: 1
2026-04-14 10:05:01,609 - escmd_dangling - INFO - [escmd.py:618] - Command dangling completed successfully
2026-04-14 10:06:42,338 - escmd_dangling - INFO - [escmd.py:533] - Starting escmd command: dangling
2026-04-14 10:06:42,390 - escmd_dangling - INFO - [command_handler.py:317] - Executing command: dangling
2026-04-14 10:06:42,390 - escmd_dangling - INFO - [dangling_handler.py:41] - Starting dangling indices operation
2026-04-14 10:06:42,390 - escmd_dangling - INFO - [dangling_handler.py:42] - Command arguments: cleanup_all=False, group=None, env=None, metrics=False
2026-04-14 10:06:42,390 - escmd_dangling - INFO - [dangling_handler.py:137] - Starting dangling indices listing operation
2026-04-14 10:06:42,390 - escmd_dangling - INFO - [dangling_handler.py:142] - Retrieving dangling indices from cluster
2026-04-14 10:06:42,397 - escmd_dangling - INFO - [dangling_handler.py:161] - Found 0 dangling indices
2026-04-14 10:06:42,421 - escmd_dangling - INFO - [dangling_handler.py:171] - Cluster: elasticsearch, Nodes: 1
2026-04-14 10:06:42,482 - escmd_dangling - INFO - [escmd.py:618] - Command dangling completed successfully
2026-04-14 10:08:28,578 - escmd_dangling - INFO - [escmd.py:533] - Starting escmd command: dangling
2026-04-14 10:08:28,624 - escmd_dangling - INFO - [command_handler.py:317] - Executing command: dangling
2026-04-14 10:08:28,624 - escmd_dangling - INFO - [dangling_handler.py:41] - Starting dangling indices operation
2026-04-14 10:08:28,624 - escmd_dangling - INFO - [dangling_handler.py:42] - Command arguments: cleanup_all=False, group=None, env=None, metrics=False
2026-04-14 10:08:28,624 - escmd_dangling - INFO - [dangling_handler.py:137] - Starting dangling indices listing operation
2026-04-14 10:08:28,624 - escmd_dangling - INFO - [dangling_handler.py:142] - Retrieving dangling indices from cluster
2026-04-14 10:08:28,630 - escmd_dangling - INFO - [dangling_handler.py:161] - Found 0 dangling indices
2026-04-14 10:08:28,650 - escmd_dangling - INFO - [dangling_handler.py:171] - Cluster: elasticsearch, Nodes: 1
2026-04-14 10:08:28,680 - escmd_dangling - INFO - [escmd.py:618] - Command dangling completed successfully
2026-04-14 10:09:35,613 - escmd_dangling - INFO - [escmd.py:533] - Starting escmd command: dangling
2026-04-14 10:09:35,658 - escmd_dangling - INFO - [command_handler.py:317] - Executing command: dangling
2026-04-14 10:09:35,658 - escmd_dangling - INFO - [dangling_handler.py:41] - Starting dangling indices operation
2026-04-14 10:09:35,658 - escmd_dangling - INFO - [dangling_handler.py:42] - Command arguments: cleanup_all=False, group=None, env=None, metrics=False
2026-04-14 10:09:35,658 - escmd_dangling - INFO - [dangling_handler.py:137] - Starting dangling indices listing operation
2026-04-14 10:09:35,658 - escmd_dangling - INFO - [dangling_handler.py:142] - Retrieving dangling indices from cluster
2026-04-14 10:09:35,665 - escmd_dangling - INFO - [dangling_handler.py:161] - Found 0 dangling indices
2026-04-14 10:09:35,686 - escmd_dangling - INFO - [dangling_handler.py:171] - Cluster: elasticsearch, Nodes: 1
2026-04-14 10:09:35,718 - escmd_dangling - INFO - [escmd.py:618] - Command dangling completed successfully
2026-04-14 10:10:39,018 - escmd_dangling - INFO - [escmd.py:533] - Starting escmd command: dangling
2026-04-14 10:10:39,069 - escmd_dangling - INFO - [command_handler.py:317] - Executing command: dangling
2026-04-14 10:10:39,070 - escmd_dangling - INFO - [dangling_handler.py:41] - Starting dangling indices operation
2026-04-14 10:10:39,070 - escmd_dangling - INFO - [dangling_handler.py:42] - Command arguments: cleanup_all=False, group=None, env=None, metrics=False
2026-04-14 10:10:39,070 - escmd_dangling - INFO - [dangling_handler.py:137] - Starting dangling indices listing operation
2026-04-14 10:10:39,070 - escmd_dangling - INFO - [dangling_handler.py:142] - Retrieving dangling indices from cluster
2026-04-14 10:10:39,077 - escmd_dangling - INFO - [dangling_handler.py:161] - Found 0 dangling indices
2026-04-14 10:10:39,098 - escmd_dangling - INFO - [dangling_handler.py:171] - Cluster: elasticsearch, Nodes: 1
2026-04-14 10:10:39,130 - escmd_dangling - INFO - [escmd.py:618] - Command dangling completed successfully
2026-04-14 10:10:40,471 - escmd_dangling - INFO - [escmd.py:533] - Starting escmd command: dangling
2026-04-14 10:10:40,519 - escmd_dangling - INFO - [command_handler.py:317] - Executing command: dangling
2026-04-14 10:10:40,519 - escmd_dangling - INFO - [dangling_handler.py:41] - Starting dangling indices operation
2026-04-14 10:10:40,519 - escmd_dangling - INFO - [dangling_handler.py:42] - Command arguments: cleanup_all=False, group=None, env=None, metrics=False
2026-04-14 10:10:40,519 - escmd_dangling - INFO - [dangling_handler.py:137] - Starting dangling indices listing operation
2026-04-14 10:10:40,519 - escmd_dangling - INFO - [dangling_handler.py:142] - Retrieving dangling indices from cluster
2026-04-14 10:10:40,524 - escmd_dangling - INFO - [dangling_handler.py:161] - Found 0 dangling indices
2026-04-14 10:10:40,545 - escmd_dangling - INFO - [dangling_handler.py:171] - Cluster: elasticsearch, Nodes: 1
2026-04-14 10:10:40,576 - escmd_dangling - INFO - [escmd.py:618] - Command dangling completed successfully
2026-04-14 10:10:41,786 - escmd_dangling - INFO - [escmd.py:533] - Starting escmd command: dangling
2026-04-14 10:10:41,834 - escmd_dangling - INFO - [command_handler.py:317] - Executing command: dangling
2026-04-14 10:10:41,834 - escmd_dangling - INFO - [dangling_handler.py:41] - Starting dangling indices operation
2026-04-14 10:10:41,834 - escmd_dangling - INFO - [dangling_handler.py:42] - Command arguments: cleanup_all=False, group=None, env=None, metrics=False
2026-04-14 10:10:41,834 - escmd_dangling - INFO - [dangling_handler.py:137] - Starting dangling indices listing operation
2026-04-14 10:10:41,834 - escmd_dangling - INFO - [dangling_handler.py:142] - Retrieving dangling indices from cluster
2026-04-14 10:10:41,840 - escmd_dangling - INFO - [dangling_handler.py:161] - Found 0 dangling indices
2026-04-14 10:10:41,859 - escmd_dangling - INFO - [dangling_handler.py:171] - Cluster: elasticsearch, Nodes: 1
2026-04-14 10:10:41,890 - escmd_dangling - INFO - [escmd.py:618] - Command dangling completed successfully
2026-04-14 10:10:43,130 - escmd_dangling - INFO - [escmd.py:533] - Starting escmd command: dangling
2026-04-14 10:10:43,177 - escmd_dangling - INFO - [command_handler.py:317] - Executing command: dangling
2026-04-14 10:10:43,178 - escmd_dangling - INFO - [dangling_handler.py:41] - Starting dangling indices operation
2026-04-14 10:10:43,178 - escmd_dangling - INFO - [dangling_handler.py:42] - Command arguments: cleanup_all=False, group=None, env=None, metrics=False
2026-04-14 10:10:43,178 - escmd_dangling - INFO - [dangling_handler.py:137] - Starting dangling indices listing operation
2026-04-14 10:10:43,178 - escmd_dangling - INFO - [dangling_handler.py:142] - Retrieving dangling indices from cluster
2026-04-14 10:10:43,184 - escmd_dangling - INFO - [dangling_handler.py:161] - Found 0 dangling indices
2026-04-14 10:10:43,208 - escmd_dangling - INFO - [dangling_handler.py:171] - Cluster: elasticsearch, Nodes: 1
2026-04-14 10:10:43,245 - escmd_dangling - INFO - [escmd.py:618] - Command dangling completed successfully
2026-04-14 10:10:44,795 - escmd_dangling - INFO - [escmd.py:533] - Starting escmd command: dangling
2026-04-14 10:10:44,844 - escmd_dangling - INFO - [command_handler.py:317] - Executing command: dangling
2026-04-14 10:10:44,844 - escmd_dangling - INFO - [dangling_handler.py:41] - Starting dangling indices operation
2026-04-14 10:10:44,844 - escmd_dangling - INFO - [dangling_handler.py:42] - Command arguments: cleanup_all=False, group=None, env=None, metrics=False
2026-04-14 10:10:44,844 - escmd_dangling - INFO - [dangling_handler.py:137] - Starting dangling indices listing operation
2026-04-14 10:10:44,844 - escmd_dangling - INFO - [dangling_handler.py:142] - Retrieving dangling indices from cluster
2026-04-14 10:10:44,850 - escmd_dangling - INFO - [dangling_handler.py:161] - Found 0 dangling indices
2026-04-14 10:10:44,871 - escmd_dangling - INFO - [dangling_handler.py:171] - Cluster: elasticsearch, Nodes: 1
2026-04-14 10:10:44,904 - escmd_dangling - INFO - [escmd.py:618] - Command dangling completed successfully
2026-04-14 10:11:06,696 - escmd_dangling - INFO - [escmd.py:533] - Starting escmd command: dangling
2026-04-14 10:11:06,755 - escmd_dangling - INFO - [command_handler.py:317] - Executing command: dangling
2026-04-14 10:11:06,755 - escmd_dangling - INFO - [dangling_handler.py:41] - Starting dangling indices operation
2026-04-14 10:11:06,755 - escmd_dangling - INFO - [dangling_handler.py:42] - Command arguments: cleanup_all=False, group=None, env=None, metrics=False
2026-04-14 10:11:06,755 - escmd_dangling - INFO - [dangling_handler.py:137] - Starting dangling indices listing operation
2026-04-14 10:11:06,755 - escmd_dangling - INFO - [dangling_handler.py:142] - Retrieving dangling indices from cluster
2026-04-14 10:11:06,761 - escmd_dangling - INFO - [dangling_handler.py:161] - Found 0 dangling indices
2026-04-14 10:11:06,787 - escmd_dangling - INFO - [dangling_handler.py:171] - Cluster: elasticsearch, Nodes: 1
2026-04-14 10:11:06,820 - escmd_dangling - INFO - [escmd.py:618] - Command dangling completed successfully
2026-04-14 10:11:23,499 - escmd_dangling - INFO - [escmd.py:533] - Starting escmd command: dangling
2026-04-14 10:11:23,545 - escmd_dangling - INFO - [command_handler.py:317] - Executing command: dangling
2026-04-14 10:11:23,545 - escmd_dangling - INFO - [dangling_handler.py:41] - Starting dangling indices operation
2026-04-14 10:11:23,545 - escmd_dangling - INFO - [dangling_handler.py:42] - Command arguments: cleanup_all=False, group=None, env=None, metrics=False
2026-04-14 10:11:23,545 - escmd_dangling - INFO - [dangling_handler.py:137] - Starting dangling indices listing operation
2026-04-14 10:11:23,545 - escmd_dangling - INFO - [dangling_handler.py:142] - Retrieving dangling indices from cluster
2026-04-14 10:11:23,586 - escmd_dangling - INFO - [dangling_handler.py:161] - Found 0 dangling indices
2026-04-14 10:11:23,606 - escmd_dangling - INFO - [dangling_handler.py:171] - Cluster: elasticsearch, Nodes: 1
2026-04-14 10:11:23,641 - escmd_dangling - INFO - [escmd.py:618] - Command dangling completed successfully
2026-04-14 10:11:44,193 - escmd_dangling - INFO - [escmd.py:533] - Starting escmd command: dangling
2026-04-14 10:11:44,258 - escmd_dangling - INFO - [command_handler.py:317] - Executing command: dangling
2026-04-14 10:11:44,258 - escmd_dangling - INFO - [dangling_handler.py:41] - Starting dangling indices operation
2026-04-14 10:11:44,258 - escmd_dangling - INFO - [dangling_handler.py:42] - Command arguments: cleanup_all=False, group=None, env=None, metrics=False
2026-04-14 10:11:44,258 - escmd_dangling - INFO - [dangling_handler.py:137] - Starting dangling indices listing operation
2026-04-14 10:11:44,258 - escmd_dangling - INFO - [dangling_handler.py:142] - Retrieving dangling indices from cluster
2026-04-14 10:11:44,267 - escmd_dangling - INFO - [dangling_handler.py:161] - Found 0 dangling indices
2026-04-14 10:11:44,285 - escmd_dangling - INFO - [dangling_handler.py:171] - Cluster: elasticsearch, Nodes: 1
2026-04-14 10:11:44,317 - escmd_dangling - INFO - [escmd.py:618] - Command dangling completed successfully
2026-04-15 07:54:56,693 - escmd_dangling - INFO - [escmd.py:547] - Starting escmd command: dangling
2026-04-15 07:54:56,738 - escmd_dangling - INFO - [command_handler.py:316] - Executing command: dangling
2026-04-15 07:54:56,738 - escmd_dangling - INFO - [dangling_handler.py:41] - Starting dangling indices operation
2026-04-15 07:54:56,738 - escmd_dangling - INFO - [dangling_handler.py:42] - Command arguments: cleanup_all=False, group=None, env=None, metrics=False
2026-04-15 07:54:56,738 - escmd_dangling - INFO - [dangling_handler.py:137] - Starting dangling indices listing operation
2026-04-15 07:54:56,738 - escmd_dangling - INFO - [dangling_handler.py:142] - Retrieving dangling indices from cluster
2026-04-15 07:54:56,745 - escmd_dangling - INFO - [dangling_handler.py:161] - Found 0 dangling indices
2026-04-15 07:54:56,769 - escmd_dangling - INFO - [dangling_handler.py:171] - Cluster: elasticsearch, Nodes: 1
2026-04-15 07:54:56,800 - escmd_dangling - INFO - [escmd.py:645] - Command dangling completed successfully
2026-04-15 09:15:52,424 - escmd_dangling - INFO - [escmd.py:547] - Starting escmd command: dangling
2026-04-15 09:15:52,481 - escmd_dangling - INFO - [command_handler.py:316] - Executing command: dangling
2026-04-15 09:15:52,481 - escmd_dangling - INFO - [dangling_handler.py:41] - Starting dangling indices operation
2026-04-15 09:15:52,481 - escmd_dangling - INFO - [dangling_handler.py:42] - Command arguments: cleanup_all=False, group=None, env=None, metrics=False
2026-04-15 09:15:52,481 - escmd_dangling - INFO - [dangling_handler.py:137] - Starting dangling indices listing operation
2026-04-15 09:15:52,481 - escmd_dangling - INFO - [dangling_handler.py:142] - Retrieving dangling indices from cluster
2026-04-15 09:15:52,487 - escmd_dangling - INFO - [dangling_handler.py:161] - Found 0 dangling indices
2026-04-15 09:15:52,505 - escmd_dangling - INFO - [dangling_handler.py:171] - Cluster: elasticsearch, Nodes: 1
2026-04-15 09:15:52,535 - escmd_dangling - INFO - [escmd.py:645] - Command dangling completed successfully
